Start testing: Apr 16 10:25 Hora de verano romance
----------------------------------------------------------
1/1 Testing: all_tests
1/1 Test: all_tests
Command: "E:/Uned/lenguajes de  programacion/pregunta 4/build/tests_runner.exe"
Directory: E:/Uned/lenguajes de  programacion/pregunta 4/build
"all_tests" start time: Apr 16 10:25 Hora de verano romance
Output:
----------------------------------------------------------
[ OK ] VectorInput_ParseCommaSep
[ OK ] VectorInput_ParseBrackets
[ OK ] VectorInput_BadInput_Throws
[ OK ] ParseTransformations_AddAndMul
[ OK ] ParseTransformations_BadThrows
[ OK ] ApplyAndVisualize_ApplyAdd
[ OK ] VisualizeFormat
[ OK ] Integration_Flow_RunFlow

Summary: 8 passed, 0 failed out of 8 tests.
<end of output>
Test time =   0.04 sec
----------------------------------------------------------
Test Passed.
"all_tests" end time: Apr 16 10:25 Hora de verano romance
"all_tests" time elapsed: 00:00:00
----------------------------------------------------------

End testing: Apr 16 10:25 Hora de verano romance
